{"level":"info","message":"MongoDB connected successfully","timestamp":"2025-04-16T09:21:18.880Z"}
{"level":"info","message":"Server running on port 3006","timestamp":"2025-04-16T09:21:18.892Z"}
{"level":"error","message":"Signup error: Seller validation failed: bank_details.account_number: Path `bank_details.account_number` (`1f72f862dd9fabf5df2ebe5050399cec:13073c67c25f5a14f51ddf5e5faf4e97`) is longer than the maximum allowed length (50).","timestamp":"2025-04-16T09:28:20.472Z"}
{"level":"error","message":"Error: Seller validation failed: bank_details.account_number: Path `bank_details.account_number` (`1f72f862dd9fabf5df2ebe5050399cec:13073c67c25f5a14f51ddf5e5faf4e97`) is longer than the maximum allowed length (50)., Stack: ValidationError: Seller validation failed: bank_details.account_number: Path `bank_details.account_number` (`1f72f862dd9fabf5df2ebe5050399cec:13073c67c25f5a14f51ddf5e5faf4e97`) is longer than the maximum allowed length (50).\n    at Document.invalidate (D:\\web_dev\\PBMart-Backend\\Seller Service\\node_modules\\mongoose\\lib\\document.js:3351:32)\n    at D:\\web_dev\\PBMart-Backend\\Seller Service\\node_modules\\mongoose\\lib\\document.js:3112:17\n    at D:\\web_dev\\PBMart-Backend\\Seller Service\\node_modules\\mongoose\\lib\\schemaType.js:1407:9\n    at process.processTicksAndRejections (node:internal/process/task_queues:77:11)","timestamp":"2025-04-16T09:28:20.623Z"}
{"level":"info","message":"MongoDB connected successfully","timestamp":"2025-04-16T09:33:14.850Z"}
{"level":"info","message":"Server running on port 3006","timestamp":"2025-04-16T09:33:14.881Z"}
{"level":"info","message":"MongoDB connected successfully","timestamp":"2025-04-16T09:33:41.696Z"}
{"level":"info","message":"Server running on port 3006","timestamp":"2025-04-16T09:33:41.710Z"}
{"level":"info","message":"MongoDB connected successfully","timestamp":"2025-04-16T09:35:03.281Z"}
{"level":"info","message":"Server running on port 3006","timestamp":"2025-04-16T09:35:03.286Z"}
{"level":"info","message":"MongoDB connected successfully","timestamp":"2025-04-16T09:35:16.477Z"}
{"level":"info","message":"Server running on port 3006","timestamp":"2025-04-16T09:35:16.483Z"}
{"level":"info","message":"MongoDB connected successfully","timestamp":"2025-04-16T09:35:46.003Z"}
{"level":"info","message":"Server running on port 3006","timestamp":"2025-04-16T09:35:46.010Z"}
{"level":"info","message":"Verification token generated for phone: +919876543210, token: eyJhbGciOiJIUzI1NiIsInR5cCI6IkpXVCJ9.eyJpZCI6IjY3ZmY3OWY4Y2ZjN2IxODA1ZWQxM2MwMyIsInBob25lX251bWJlciI6Iis5MTk4NzY1NDMyMTAiLCJpYXQiOjE3NDQ3OTYxNTIsImV4cCI6MTc0NDg4MjU1Mn0.5s3hkybJZ_Gan8R-ucubkudGZNmfStgXU-Ag9MWFbQM","timestamp":"2025-04-16T09:35:52.404Z"}
{"level":"info","message":"MongoDB connected successfully","timestamp":"2025-04-16T09:44:08.266Z"}
{"level":"info","message":"Server running on port 3006","timestamp":"2025-04-16T09:44:08.273Z"}
{"level":"info","message":"MongoDB connected successfully","timestamp":"2025-04-16T09:45:10.200Z"}
{"level":"info","message":"Server running on port 3006","timestamp":"2025-04-16T09:45:10.207Z"}
{"level":"info","message":"MongoDB connected successfully","timestamp":"2025-04-16T09:45:20.614Z"}
{"level":"info","message":"Server running on port 3006","timestamp":"2025-04-16T09:45:20.633Z"}
{"level":"warn","message":"Validation error during signup: \"password\" length must be at least 8 characters long","timestamp":"2025-04-16T09:46:09.177Z"}
{"level":"info","message":"MongoDB connected successfully","timestamp":"2025-04-16T09:46:35.806Z"}
{"level":"info","message":"Server running on port 3006","timestamp":"2025-04-16T09:46:35.814Z"}
{"level":"warn","message":"Validation error during signup: \"password\" with value \"123456\" fails to match the required pattern: /^(?=.*[a-z])(?=.*[A-Z])(?=.*[0-9])(?=.*[!@#$%^&*])/","timestamp":"2025-04-16T09:46:45.273Z"}
{"level":"warn","message":"Validation error during signup: \"password\" with value \"seP123\" fails to match the required pattern: /^(?=.*[a-z])(?=.*[A-Z])(?=.*[0-9])(?=.*[!@#$%^&*])/","timestamp":"2025-04-16T09:47:06.771Z"}
{"level":"info","message":"MongoDB connected successfully","timestamp":"2025-04-16T09:47:59.974Z"}
{"level":"info","message":"Server running on port 3006","timestamp":"2025-04-16T09:47:59.980Z"}
{"level":"info","message":"Verification token generated for phone: +919876543211","timestamp":"2025-04-16T09:50:20.767Z"}
{"level":"info","message":"MongoDB connected successfully","timestamp":"2025-04-16T09:50:52.256Z"}
{"level":"info","message":"Server running on port 3006","timestamp":"2025-04-16T09:50:52.262Z"}
{"level":"info","message":"MongoDB connected successfully","timestamp":"2025-04-16T10:01:05.824Z"}
{"level":"info","message":"Server running on port 3006","timestamp":"2025-04-16T10:01:05.831Z"}
{"level":"info","message":"MongoDB connected successfully","timestamp":"2025-04-16T10:01:18.007Z"}
{"level":"info","message":"Server running on port 3006","timestamp":"2025-04-16T10:01:18.013Z"}
{"level":"info","message":"MongoDB connected successfully","timestamp":"2025-04-16T10:01:22.970Z"}
{"level":"info","message":"Server running on port 3006","timestamp":"2025-04-16T10:01:22.977Z"}
{"level":"warn","message":"Signup attempt with existing email or phone: Kumesh@example.com, +919876543211, +919876543212","timestamp":"2025-04-16T10:02:16.675Z"}
{"level":"info","message":"Verification token generated for phone: +919876543212","timestamp":"2025-04-16T10:02:37.207Z"}
{"level":"warn","message":"OTP request for unverified account: +919876543212","timestamp":"2025-04-16T10:02:56.637Z"}
{"level":"warn","message":"OTP request for unverified account: +919876543212","timestamp":"2025-04-16T10:06:36.124Z"}
{"level":"info","message":"MongoDB connected successfully","timestamp":"2025-04-16T10:09:05.859Z"}
{"level":"info","message":"Server running on port 3006","timestamp":"2025-04-16T10:09:05.907Z"}
{"level":"warn","message":"OTP request for unverified account: +919876543212","timestamp":"2025-04-16T10:09:07.530Z"}
{"level":"info","message":"MongoDB connected successfully","timestamp":"2025-04-16T10:12:43.623Z"}
{"level":"info","message":"Server running on port 3006","timestamp":"2025-04-16T10:12:43.628Z"}
{"level":"warn","message":"OTP request for unverified account: +919876543212","timestamp":"2025-04-16T10:13:45.629Z"}
{"level":"info","message":"MongoDB connected successfully","timestamp":"2025-04-16T10:14:34.895Z"}
{"level":"info","message":"Server running on port 3006","timestamp":"2025-04-16T10:14:34.904Z"}
{"level":"warn","message":"OTP request for unverified account: +919876543212","timestamp":"2025-04-16T10:14:56.947Z"}
{"level":"info","message":"MongoDB connected successfully","timestamp":"2025-04-16T10:21:27.935Z"}
{"level":"info","message":"Server running on port 3006","timestamp":"2025-04-16T10:21:27.944Z"}
{"level":"info","message":"OTP generated for phone: +919876543212, OTP: 123456","timestamp":"2025-04-16T10:21:35.875Z"}
{"level":"warn","message":"Signin attempt on unverified account: +919876543212","timestamp":"2025-04-16T10:23:12.031Z"}
{"level":"info","message":"MongoDB connected successfully","timestamp":"2025-04-16T10:24:16.105Z"}
{"level":"info","message":"Server running on port 3006","timestamp":"2025-04-16T10:24:16.111Z"}
{"level":"info","message":"Seller signed in successfully: +919876543212","timestamp":"2025-04-16T10:24:21.670Z"}
{"level":"info","message":"MongoDB connected successfully","timestamp":"2025-04-16T10:25:44.470Z"}
{"level":"info","message":"Server running on port 3006","timestamp":"2025-04-16T10:25:44.520Z"}
{"level":"info","message":"MongoDB connected successfully","timestamp":"2025-04-16T10:33:22.074Z"}
{"level":"info","message":"Server running on port 3006","timestamp":"2025-04-16T10:33:22.081Z"}
{"level":"info","message":"Phone number verified successfully: +919876543212","timestamp":"2025-04-16T10:36:51.747Z"}
{"level":"info","message":"MongoDB connected successfully","timestamp":"2025-04-16T12:11:13.887Z"}
{"level":"info","message":"Server running on port 3006","timestamp":"2025-04-16T12:11:13.902Z"}
{"level":"info","message":"MongoDB connected successfully","timestamp":"2025-04-18T05:18:54.044Z"}
{"level":"info","message":"Server running on port 3006","timestamp":"2025-04-18T05:18:54.051Z"}
{"level":"info","message":"New seller registered with phone: +911234567890","timestamp":"2025-04-18T05:21:09.216Z"}
{"level":"error","message":"Phone registration error: Seller validation failed: address.postal_code: Path `address.postal_code` is required., address.state: Path `address.state` is required., address.city: Path `address.city` is required., address.line1: Path `address.line1` is required., business_type: Path `business_type` is required., business_name: Path `business_name` is required., password_hash: Path `password_hash` is required., alternate_phone_number: Path `alternate_phone_number` is required., email: Path `email` is required., full_name: Path `full_name` is required.","timestamp":"2025-04-18T05:21:09.224Z"}
{"level":"error","message":"Error: Seller validation failed: address.postal_code: Path `address.postal_code` is required., address.state: Path `address.state` is required., address.city: Path `address.city` is required., address.line1: Path `address.line1` is required., business_type: Path `business_type` is required., business_name: Path `business_name` is required., password_hash: Path `password_hash` is required., alternate_phone_number: Path `alternate_phone_number` is required., email: Path `email` is required., full_name: Path `full_name` is required., Stack: ValidationError: Seller validation failed: address.postal_code: Path `address.postal_code` is required., address.state: Path `address.state` is required., address.city: Path `address.city` is required., address.line1: Path `address.line1` is required., business_type: Path `business_type` is required., business_name: Path `business_name` is required., password_hash: Path `password_hash` is required., alternate_phone_number: Path `alternate_phone_number` is required., email: Path `email` is required., full_name: Path `full_name` is required.\n    at Document.invalidate (D:\\web_dev\\PBMart-Backend\\Seller Service\\node_modules\\mongoose\\lib\\document.js:3351:32)\n    at D:\\web_dev\\PBMart-Backend\\Seller Service\\node_modules\\mongoose\\lib\\document.js:3112:17\n    at D:\\web_dev\\PBMart-Backend\\Seller Service\\node_modules\\mongoose\\lib\\schemaType.js:1407:9\n    at process.processTicksAndRejections (node:internal/process/task_queues:77:11)","timestamp":"2025-04-18T05:21:09.225Z"}
{"level":"info","message":"MongoDB connected successfully","timestamp":"2025-04-18T05:23:13.284Z"}
{"level":"info","message":"Server running on port 3006","timestamp":"2025-04-18T05:23:13.290Z"}
{"level":"error","message":"Phone registration error: registerPhoneSchema is not a function","timestamp":"2025-04-18T05:23:18.458Z"}
{"level":"error","message":"Error: registerPhoneSchema is not a function, Stack: TypeError: registerPhoneSchema is not a function\n    at registerPhone (D:\\web_dev\\PBMart-Backend\\Seller Service\\src\\controllers\\sellerControllers.js:163:23)\n    at Layer.handleRequest (D:\\web_dev\\PBMart-Backend\\Seller Service\\node_modules\\router\\lib\\layer.js:152:17)\n    at next (D:\\web_dev\\PBMart-Backend\\Seller Service\\node_modules\\router\\lib\\route.js:157:13)\n    at Route.dispatch (D:\\web_dev\\PBMart-Backend\\Seller Service\\node_modules\\router\\lib\\route.js:117:3)\n    at handle (D:\\web_dev\\PBMart-Backend\\Seller Service\\node_modules\\router\\index.js:435:11)\n    at Layer.handleRequest (D:\\web_dev\\PBMart-Backend\\Seller Service\\node_modules\\router\\lib\\layer.js:152:17)\n    at D:\\web_dev\\PBMart-Backend\\Seller Service\\node_modules\\router\\index.js:295:15\n    at processParams (D:\\web_dev\\PBMart-Backend\\Seller Service\\node_modules\\router\\index.js:582:12)\n    at next (D:\\web_dev\\PBMart-Backend\\Seller Service\\node_modules\\router\\index.js:291:5)\n    at Function.handle (D:\\web_dev\\PBMart-Backend\\Seller Service\\node_modules\\router\\index.js:186:3)","timestamp":"2025-04-18T05:23:18.459Z"}
{"level":"info","message":"MongoDB connected successfully","timestamp":"2025-04-18T05:23:30.046Z"}
{"level":"info","message":"Server running on port 3006","timestamp":"2025-04-18T05:23:30.063Z"}
{"level":"info","message":"New seller registered with phone: +911234567890","timestamp":"2025-04-18T05:24:21.808Z"}
{"level":"error","message":"Phone registration error: Seller validation failed: address.postal_code: Path `address.postal_code` is required., address.state: Path `address.state` is required., address.city: Path `address.city` is required., address.line1: Path `address.line1` is required., business_type: Path `business_type` is required., business_name: Path `business_name` is required., password_hash: Path `password_hash` is required., alternate_phone_number: Path `alternate_phone_number` is required., email: Path `email` is required., full_name: Path `full_name` is required.","timestamp":"2025-04-18T05:24:21.816Z"}
{"level":"error","message":"Error: Seller validation failed: address.postal_code: Path `address.postal_code` is required., address.state: Path `address.state` is required., address.city: Path `address.city` is required., address.line1: Path `address.line1` is required., business_type: Path `business_type` is required., business_name: Path `business_name` is required., password_hash: Path `password_hash` is required., alternate_phone_number: Path `alternate_phone_number` is required., email: Path `email` is required., full_name: Path `full_name` is required., Stack: ValidationError: Seller validation failed: address.postal_code: Path `address.postal_code` is required., address.state: Path `address.state` is required., address.city: Path `address.city` is required., address.line1: Path `address.line1` is required., business_type: Path `business_type` is required., business_name: Path `business_name` is required., password_hash: Path `password_hash` is required., alternate_phone_number: Path `alternate_phone_number` is required., email: Path `email` is required., full_name: Path `full_name` is required.\n    at Document.invalidate (D:\\web_dev\\PBMart-Backend\\Seller Service\\node_modules\\mongoose\\lib\\document.js:3351:32)\n    at D:\\web_dev\\PBMart-Backend\\Seller Service\\node_modules\\mongoose\\lib\\document.js:3112:17\n    at D:\\web_dev\\PBMart-Backend\\Seller Service\\node_modules\\mongoose\\lib\\schemaType.js:1407:9\n    at process.processTicksAndRejections (node:internal/process/task_queues:77:11)","timestamp":"2025-04-18T05:24:21.819Z"}
{"level":"info","message":"MongoDB connected successfully","timestamp":"2025-04-18T05:29:08.196Z"}
{"level":"info","message":"Server running on port 3006","timestamp":"2025-04-18T05:29:08.211Z"}
{"level":"info","message":"MongoDB connected successfully","timestamp":"2025-04-18T05:30:10.380Z"}
{"level":"info","message":"Server running on port 3006","timestamp":"2025-04-18T05:30:10.386Z"}
{"level":"info","message":"MongoDB connected successfully","timestamp":"2025-04-18T05:30:25.092Z"}
{"level":"info","message":"Server running on port 3006","timestamp":"2025-04-18T05:30:25.102Z"}
{"level":"info","message":"New seller registered with phone: +911234567890","timestamp":"2025-04-18T05:30:29.595Z"}
{"level":"info","message":"OTP sent and JWT generated for phone: +911234567890, OTP: 123456","timestamp":"2025-04-18T05:30:29.655Z"}
{"level":"info","message":"OTP verified successfully for phone: +911234567890","timestamp":"2025-04-18T05:32:23.595Z"}
{"level":"info","message":"MongoDB connected successfully","timestamp":"2025-04-18T05:33:14.091Z"}
{"level":"info","message":"Server running on port 3006","timestamp":"2025-04-18T05:33:14.097Z"}
{"level":"info","message":"MongoDB connected successfully","timestamp":"2025-04-18T05:33:17.797Z"}
{"level":"info","message":"Server running on port 3006","timestamp":"2025-04-18T05:33:17.801Z"}
{"level":"info","message":"OTP verified successfully for phone: +911234567890","timestamp":"2025-04-18T05:33:30.345Z"}
{"level":"info","message":"MongoDB connected successfully","timestamp":"2025-04-18T06:44:29.716Z"}
{"level":"info","message":"Server running on port 3006","timestamp":"2025-04-18T06:44:29.732Z"}
{"level":"info","message":"New seller registered with phone: +918198027188","timestamp":"2025-04-18T06:44:36.266Z"}
{"level":"error","message":"Phone registration error: E11000 duplicate key error collection: test.sellers index: email_1 dup key: { email: null }","timestamp":"2025-04-18T06:44:36.317Z"}
{"level":"error","message":"Error: E11000 duplicate key error collection: test.sellers index: email_1 dup key: { email: null }, Stack: MongoServerError: E11000 duplicate key error collection: test.sellers index: email_1 dup key: { email: null }\n    at InsertOneOperation.execute (D:\\web_dev\\PBMart-Backend\\Seller Service\\node_modules\\mongodb\\lib\\operations\\insert.js:51:19)\n    at process.processTicksAndRejections (node:internal/process/task_queues:95:5)\n    at async tryOperation (D:\\web_dev\\PBMart-Backend\\Seller Service\\node_modules\\mongodb\\lib\\operations\\execute_operation.js:207:20)\n    at async executeOperation (D:\\web_dev\\PBMart-Backend\\Seller Service\\node_modules\\mongodb\\lib\\operations\\execute_operation.js:75:16)\n    at async Collection.insertOne (D:\\web_dev\\PBMart-Backend\\Seller Service\\node_modules\\mongodb\\lib\\collection.js:157:16)","timestamp":"2025-04-18T06:44:36.318Z"}
{"level":"info","message":"New seller registered with phone: +918198027188","timestamp":"2025-04-18T06:46:30.903Z"}
{"level":"error","message":"Phone registration error: E11000 duplicate key error collection: test.sellers index: email_1 dup key: { email: null }","timestamp":"2025-04-18T06:46:30.956Z"}
{"level":"error","message":"Error: E11000 duplicate key error collection: test.sellers index: email_1 dup key: { email: null }, Stack: MongoServerError: E11000 duplicate key error collection: test.sellers index: email_1 dup key: { email: null }\n    at InsertOneOperation.execute (D:\\web_dev\\PBMart-Backend\\Seller Service\\node_modules\\mongodb\\lib\\operations\\insert.js:51:19)\n    at process.processTicksAndRejections (node:internal/process/task_queues:95:5)\n    at async tryOperation (D:\\web_dev\\PBMart-Backend\\Seller Service\\node_modules\\mongodb\\lib\\operations\\execute_operation.js:207:20)\n    at async executeOperation (D:\\web_dev\\PBMart-Backend\\Seller Service\\node_modules\\mongodb\\lib\\operations\\execute_operation.js:75:16)\n    at async Collection.insertOne (D:\\web_dev\\PBMart-Backend\\Seller Service\\node_modules\\mongodb\\lib\\collection.js:157:16)","timestamp":"2025-04-18T06:46:30.957Z"}
{"level":"info","message":"New seller registered with phone: +918544782330","timestamp":"2025-04-18T06:47:35.888Z"}
{"level":"error","message":"Phone registration error: E11000 duplicate key error collection: test.sellers index: email_1 dup key: { email: null }","timestamp":"2025-04-18T06:47:35.932Z"}
{"level":"error","message":"Error: E11000 duplicate key error collection: test.sellers index: email_1 dup key: { email: null }, Stack: MongoServerError: E11000 duplicate key error collection: test.sellers index: email_1 dup key: { email: null }\n    at InsertOneOperation.execute (D:\\web_dev\\PBMart-Backend\\Seller Service\\node_modules\\mongodb\\lib\\operations\\insert.js:51:19)\n    at process.processTicksAndRejections (node:internal/process/task_queues:95:5)\n    at async tryOperation (D:\\web_dev\\PBMart-Backend\\Seller Service\\node_modules\\mongodb\\lib\\operations\\execute_operation.js:207:20)\n    at async executeOperation (D:\\web_dev\\PBMart-Backend\\Seller Service\\node_modules\\mongodb\\lib\\operations\\execute_operation.js:75:16)\n    at async Collection.insertOne (D:\\web_dev\\PBMart-Backend\\Seller Service\\node_modules\\mongodb\\lib\\collection.js:157:16)","timestamp":"2025-04-18T06:47:35.934Z"}
{"level":"info","message":"MongoDB connected successfully","timestamp":"2025-04-18T06:55:22.408Z"}
{"level":"info","message":"Server running on port 3006","timestamp":"2025-04-18T06:55:22.425Z"}
{"level":"info","message":"Phone number updated for seller: +911234567890","timestamp":"2025-04-18T06:55:44.175Z"}
{"level":"info","message":"OTP sent and JWT generated for phone: +911234567890, OTP: 123456","timestamp":"2025-04-18T06:55:44.231Z"}
{"level":"info","message":"OTP verified successfully for phone: +911234567890","timestamp":"2025-04-18T06:56:04.605Z"}
{"level":"info","message":"New seller registered with phone: +911234567891","timestamp":"2025-04-18T06:56:33.561Z"}
{"level":"error","message":"Phone registration error: E11000 duplicate key error collection: test.sellers index: email_1 dup key: { email: null }","timestamp":"2025-04-18T06:56:33.604Z"}
{"level":"error","message":"Error: E11000 duplicate key error collection: test.sellers index: email_1 dup key: { email: null }, Stack: MongoServerError: E11000 duplicate key error collection: test.sellers index: email_1 dup key: { email: null }\n    at InsertOneOperation.execute (D:\\web_dev\\PBMart-Backend\\Seller Service\\node_modules\\mongodb\\lib\\operations\\insert.js:51:19)\n    at process.processTicksAndRejections (node:internal/process/task_queues:95:5)\n    at async tryOperation (D:\\web_dev\\PBMart-Backend\\Seller Service\\node_modules\\mongodb\\lib\\operations\\execute_operation.js:207:20)\n    at async executeOperation (D:\\web_dev\\PBMart-Backend\\Seller Service\\node_modules\\mongodb\\lib\\operations\\execute_operation.js:75:16)\n    at async Collection.insertOne (D:\\web_dev\\PBMart-Backend\\Seller Service\\node_modules\\mongodb\\lib\\collection.js:157:16)","timestamp":"2025-04-18T06:56:33.605Z"}
{"level":"info","message":"New seller registered with phone: +911234567892","timestamp":"2025-04-18T06:57:59.566Z"}
{"level":"error","message":"Phone registration error: E11000 duplicate key error collection: test.sellers index: email_1 dup key: { email: null }","timestamp":"2025-04-18T06:57:59.613Z"}
{"level":"error","message":"Error: E11000 duplicate key error collection: test.sellers index: email_1 dup key: { email: null }, Stack: MongoServerError: E11000 duplicate key error collection: test.sellers index: email_1 dup key: { email: null }\n    at InsertOneOperation.execute (D:\\web_dev\\PBMart-Backend\\Seller Service\\node_modules\\mongodb\\lib\\operations\\insert.js:51:19)\n    at process.processTicksAndRejections (node:internal/process/task_queues:95:5)\n    at async tryOperation (D:\\web_dev\\PBMart-Backend\\Seller Service\\node_modules\\mongodb\\lib\\operations\\execute_operation.js:207:20)\n    at async executeOperation (D:\\web_dev\\PBMart-Backend\\Seller Service\\node_modules\\mongodb\\lib\\operations\\execute_operation.js:75:16)\n    at async Collection.insertOne (D:\\web_dev\\PBMart-Backend\\Seller Service\\node_modules\\mongodb\\lib\\collection.js:157:16)","timestamp":"2025-04-18T06:57:59.615Z"}
{"level":"info","message":"MongoDB connected successfully","timestamp":"2025-04-18T07:00:35.070Z"}
{"level":"info","message":"Server running on port 3006","timestamp":"2025-04-18T07:00:35.092Z"}
{"level":"info","message":"MongoDB connected successfully","timestamp":"2025-04-18T07:01:58.348Z"}
{"level":"info","message":"Server running on port 3006","timestamp":"2025-04-18T07:01:58.358Z"}
{"level":"info","message":"MongoDB connected successfully","timestamp":"2025-04-18T07:02:49.015Z"}
{"level":"info","message":"Server running on port 3006","timestamp":"2025-04-18T07:02:49.020Z"}
{"level":"info","message":"New seller registered with phone: +911234567892","timestamp":"2025-04-18T07:02:49.808Z"}
{"level":"info","message":"OTP sent and JWT generated for phone: +911234567892, OTP: 123456","timestamp":"2025-04-18T07:02:49.864Z"}
{"level":"warn","message":"OTP verification attempt with non-existent phone: +911234567890","timestamp":"2025-04-18T07:03:59.456Z"}
{"level":"info","message":"OTP verified successfully for phone: +911234567892","timestamp":"2025-04-18T07:04:05.421Z"}
{"level":"info","message":"New seller registered with phone: +918198027188","timestamp":"2025-04-18T07:13:55.865Z"}
{"level":"info","message":"OTP sent and JWT generated for phone: +918198027188, OTP: 123456","timestamp":"2025-04-18T07:13:55.934Z"}
{"level":"info","message":"OTP verified successfully for phone: +918198027188","timestamp":"2025-04-18T07:14:09.937Z"}
{"level":"info","message":"New seller registered with phone: +919876543210","timestamp":"2025-04-18T07:37:56.924Z"}
{"level":"info","message":"OTP sent and JWT generated for phone: +919876543210, OTP: 123456","timestamp":"2025-04-18T07:37:56.983Z"}
{"level":"info","message":"OTP verified successfully for phone: +919876543210","timestamp":"2025-04-18T07:38:08.754Z"}
{"level":"info","message":"MongoDB connected successfully","timestamp":"2025-04-18T09:31:17.322Z"}
{"level":"info","message":"Server running on port 3006","timestamp":"2025-04-18T09:31:17.344Z"}
{"level":"info","message":"MongoDB connected successfully","timestamp":"2025-04-18T09:32:07.023Z"}
{"level":"info","message":"Server running on port 3006","timestamp":"2025-04-18T09:32:07.033Z"}
{"level":"info","message":"MongoDB connected successfully","timestamp":"2025-04-18T09:47:12.050Z"}
{"level":"info","message":"Server running on port 3006","timestamp":"2025-04-18T09:47:12.056Z"}
{"level":"info","message":"MongoDB connected successfully","timestamp":"2025-04-18T09:47:24.617Z"}
{"level":"info","message":"Server running on port 3006","timestamp":"2025-04-18T09:47:24.624Z"}
{"level":"info","message":"MongoDB connected successfully","timestamp":"2025-04-18T09:49:36.614Z"}
{"level":"info","message":"Server running on port 3006","timestamp":"2025-04-18T09:49:36.619Z"}
{"level":"error","message":"Error in getalldata: Cannot destructure property 'full_name' of 'req.body' as it is undefined.","timestamp":"2025-04-18T09:49:39.719Z"}
{"level":"info","message":"MongoDB connected successfully","timestamp":"2025-04-18T09:50:48.924Z"}
{"level":"info","message":"Server running on port 3006","timestamp":"2025-04-18T09:50:48.931Z"}
{"level":"info","message":"MongoDB connected successfully","timestamp":"2025-04-18T09:53:10.195Z"}
{"level":"info","message":"Server running on port 3006","timestamp":"2025-04-18T09:53:10.201Z"}
{"level":"info","message":"MongoDB connected successfully","timestamp":"2025-04-18T10:09:34.613Z"}
{"level":"info","message":"Server running on port 3006","timestamp":"2025-04-18T10:09:34.620Z"}
{"level":"info","message":"MongoDB connected successfully","timestamp":"2025-04-18T10:10:02.205Z"}
{"level":"info","message":"Server running on port 3006","timestamp":"2025-04-18T10:10:02.211Z"}
{"level":"info","message":"MongoDB connected successfully","timestamp":"2025-04-18T10:10:22.230Z"}
{"level":"info","message":"Server running on port 3006","timestamp":"2025-04-18T10:10:22.238Z"}
{"level":"info","message":"Phone number updated for seller: +919876543210","timestamp":"2025-04-18T10:15:53.045Z"}
{"level":"info","message":"OTP sent and JWT generated for phone: +919876543210, OTP: 123456","timestamp":"2025-04-18T10:15:53.173Z"}
{"level":"info","message":"OTP verified successfully for phone: +919876543210","timestamp":"2025-04-18T10:15:59.254Z"}
{"level":"info","message":"MongoDB connected successfully","timestamp":"2025-04-18T10:17:23.149Z"}
{"level":"info","message":"Server running on port 3006","timestamp":"2025-04-18T10:17:23.154Z"}
{"level":"info","message":"MongoDB connected successfully","timestamp":"2025-04-18T10:18:01.132Z"}
{"level":"info","message":"Server running on port 3006","timestamp":"2025-04-18T10:18:01.137Z"}
{"level":"info","message":"Existing pending seller updated during signup: +911234567892","timestamp":"2025-04-18T10:21:29.422Z"}
{"level":"info","message":"Verification token generated for phone: +911234567892","timestamp":"2025-04-18T10:21:29.429Z"}
{"level":"error","message":"Signup error: E11000 duplicate key error collection: test.sellers index: alternate_phone_number_1 dup key: { alternate_phone_number: \"+919876543213\" }","timestamp":"2025-04-18T10:22:44.163Z"}
{"level":"error","message":"Error: E11000 duplicate key error collection: test.sellers index: alternate_phone_number_1 dup key: { alternate_phone_number: \"+919876543213\" }, Stack: MongoServerError: E11000 duplicate key error collection: test.sellers index: alternate_phone_number_1 dup key: { alternate_phone_number: \"+919876543213\" }\n    at UpdateOneOperation.execute (D:\\web_dev\\PBMart-Backend\\Seller Service\\node_modules\\mongodb\\lib\\operations\\update.js:75:19)\n    at process.processTicksAndRejections (node:internal/process/task_queues:95:5)\n    at async tryOperation (D:\\web_dev\\PBMart-Backend\\Seller Service\\node_modules\\mongodb\\lib\\operations\\execute_operation.js:207:20)\n    at async executeOperation (D:\\web_dev\\PBMart-Backend\\Seller Service\\node_modules\\mongodb\\lib\\operations\\execute_operation.js:75:16)\n    at async Collection.updateOne (D:\\web_dev\\PBMart-Backend\\Seller Service\\node_modules\\mongodb\\lib\\collection.js:207:16)","timestamp":"2025-04-18T10:22:44.165Z"}
{"level":"info","message":"Existing pending seller updated during signup: +919876543210","timestamp":"2025-04-18T10:23:04.493Z"}
{"level":"info","message":"Verification token generated for phone: +919876543210","timestamp":"2025-04-18T10:23:04.495Z"}
{"level":"info","message":"MongoDB connected successfully","timestamp":"2025-04-18T10:47:11.160Z"}
{"level":"info","message":"Server running on port 3006","timestamp":"2025-04-18T10:47:11.170Z"}
{"level":"warn","message":"Validation error during signup: \"password\" with value \"subham@123\" fails to match the required pattern: /^(?=.*[a-z])(?=.*[A-Z])(?=.*[0-9])(?=.*[!@#$%^&*])/","timestamp":"2025-04-18T11:20:51.230Z"}
{"level":"warn","message":"Validation error during signup: \"password\" with value \"subham@1\" fails to match the required pattern: /^(?=.*[a-z])(?=.*[A-Z])(?=.*[0-9])(?=.*[!@#$%^&*])/","timestamp":"2025-04-18T11:20:59.120Z"}
{"level":"error","message":"Signup error: encryptedBankDetails is not defined","timestamp":"2025-04-18T11:21:09.183Z"}
{"level":"error","message":"Error: encryptedBankDetails is not defined, Stack: ReferenceError: encryptedBankDetails is not defined\n    at signup (D:\\web_dev\\PBMart-Backend\\Seller Service\\src\\controllers\\sellerControllers.js:70:23)\n    at process.processTicksAndRejections (node:internal/process/task_queues:95:5)","timestamp":"2025-04-18T11:21:09.188Z"}
{"level":"info","message":"MongoDB connected successfully","timestamp":"2025-04-18T11:46:45.684Z"}
{"level":"info","message":"Server running on port 3006","timestamp":"2025-04-18T11:46:45.694Z"}
{"level":"info","message":"New seller registered with phone: +911234567890","timestamp":"2025-04-18T11:50:24.952Z"}
{"level":"info","message":"OTP sent and JWT generated for phone: +911234567890, OTP: 123456","timestamp":"2025-04-18T11:50:25.022Z"}
{"level":"info","message":"OTP verified successfully for phone: +911234567890","timestamp":"2025-04-18T11:50:35.776Z"}
{"level":"info","message":"Existing pending seller updated during signup: +911234567890","timestamp":"2025-04-18T11:52:01.683Z"}
{"level":"info","message":"Verification token generated for phone: +911234567890","timestamp":"2025-04-18T11:52:01.686Z"}
{"level":"info","message":"New seller registered with phone: 8596325874","timestamp":"2025-04-18T11:56:06.211Z"}
{"level":"info","message":"OTP sent and JWT generated for phone: 8596325874, OTP: 123456","timestamp":"2025-04-18T11:56:06.259Z"}
{"level":"info","message":"OTP verified successfully for phone: 8596325874","timestamp":"2025-04-18T11:56:12.340Z"}
{"level":"info","message":"MongoDB connected successfully","timestamp":"2025-04-18T12:00:46.046Z"}
{"level":"info","message":"Server running on port 3006","timestamp":"2025-04-18T12:00:46.053Z"}
{"level":"info","message":"MongoDB connected successfully","timestamp":"2025-04-18T12:00:47.956Z"}
{"level":"info","message":"Server running on port 3006","timestamp":"2025-04-18T12:00:47.973Z"}
{"level":"info","message":"MongoDB connected successfully","timestamp":"2025-04-18T12:00:52.264Z"}
{"level":"info","message":"Server running on port 3006","timestamp":"2025-04-18T12:00:52.278Z"}
{"level":"info","message":"MongoDB connected successfully","timestamp":"2025-04-18T12:09:28.453Z"}
{"level":"info","message":"Server running on port 3006","timestamp":"2025-04-18T12:09:28.461Z"}
{"level":"info","message":"New seller registered with phone: +911234567890","timestamp":"2025-04-18T12:10:12.744Z"}
{"level":"info","message":"OTP sent and JWT generated for phone: +911234567890, OTP: 123456","timestamp":"2025-04-18T12:10:12.813Z"}
{"level":"info","message":"OTP verified successfully for phone: +911234567890","timestamp":"2025-04-18T12:10:21.228Z"}
{"level":"info","message":"Existing pending seller updated during signup: +911234567890","timestamp":"2025-04-18T12:10:27.267Z"}
{"level":"info","message":"Verification token generated for phone: +911234567890","timestamp":"2025-04-18T12:10:27.270Z"}
{"level":"info","message":"MongoDB connected successfully","timestamp":"2025-04-18T12:12:20.142Z"}
{"level":"info","message":"Server running on port 3006","timestamp":"2025-04-18T12:12:20.154Z"}
{"level":"info","message":"New seller registered with phone: +911234567891","timestamp":"2025-04-18T12:13:10.835Z"}
{"level":"info","message":"OTP sent and JWT generated for phone: +911234567891, OTP: 123456","timestamp":"2025-04-18T12:13:10.898Z"}
{"level":"info","message":"OTP verified successfully for phone: +911234567891","timestamp":"2025-04-18T12:13:17.709Z"}
{"level":"info","message":"Existing pending seller updated during signup: +911234567891","timestamp":"2025-04-18T12:14:36.411Z"}
{"level":"info","message":"Verification token generated for phone: +911234567891","timestamp":"2025-04-18T12:14:36.415Z"}
{"level":"info","message":"MongoDB connected successfully","timestamp":"2025-04-18T12:19:37.475Z"}
{"level":"info","message":"Server running on port 3006","timestamp":"2025-04-18T12:19:37.483Z"}
{"level":"info","message":"MongoDB connected successfully","timestamp":"2025-04-18T12:19:52.815Z"}
{"level":"info","message":"Server running on port 3006","timestamp":"2025-04-18T12:19:52.833Z"}
{"level":"info","message":"MongoDB connected successfully","timestamp":"2025-04-18T12:20:08.365Z"}
{"level":"info","message":"Server running on port 3006","timestamp":"2025-04-18T12:20:08.374Z"}
{"level":"info","message":"MongoDB connected successfully","timestamp":"2025-04-18T12:20:34.562Z"}
{"level":"info","message":"Server running on port 3006","timestamp":"2025-04-18T12:20:34.568Z"}
{"level":"info","message":"MongoDB connected successfully","timestamp":"2025-04-18T12:20:43.628Z"}
{"level":"info","message":"Server running on port 3006","timestamp":"2025-04-18T12:20:43.638Z"}
{"level":"info","message":"MongoDB connected successfully","timestamp":"2025-04-18T12:21:36.617Z"}
{"level":"info","message":"Server running on port 3006","timestamp":"2025-04-18T12:21:36.630Z"}
{"level":"info","message":"MongoDB connected successfully","timestamp":"2025-04-18T12:22:54.062Z"}
{"level":"info","message":"Server running on port 3006","timestamp":"2025-04-18T12:22:54.066Z"}
{"level":"info","message":"MongoDB connected successfully","timestamp":"2025-04-18T12:23:02.710Z"}
{"level":"info","message":"Server running on port 3006","timestamp":"2025-04-18T12:23:02.722Z"}
{"level":"info","message":"MongoDB connected successfully","timestamp":"2025-04-18T12:24:18.963Z"}
{"level":"info","message":"Server running on port 3006","timestamp":"2025-04-18T12:24:18.971Z"}
{"level":"info","message":"MongoDB connected successfully","timestamp":"2025-04-18T12:28:16.519Z"}
{"level":"info","message":"Server running on port 3006","timestamp":"2025-04-18T12:28:16.523Z"}
{"level":"info","message":"MongoDB connected successfully","timestamp":"2025-04-18T12:30:15.172Z"}
{"level":"info","message":"Server running on port 3006","timestamp":"2025-04-18T12:30:15.186Z"}
{"level":"info","message":"New seller registered with phone: 8596325874","timestamp":"2025-04-18T12:39:35.526Z"}
{"level":"info","message":"OTP sent and JWT generated for phone: 8596325874, OTP: 123456","timestamp":"2025-04-18T12:39:35.597Z"}
{"level":"info","message":"OTP verified successfully for phone: 8596325874","timestamp":"2025-04-18T12:39:39.964Z"}
