{"level":"info","message":"Categories Service running on port 3005","timestamp":"2025-04-16T06:02:35.154Z"}
{"level":"info","message":"MongoDB Connected: ac-4pxtmmu-shard-00-00.cyjlgf2.mongodb.net","timestamp":"2025-04-16T06:02:35.837Z"}
{"level":"info","message":"Categories Service running on port 3005","timestamp":"2025-04-16T06:25:46.966Z"}
{"level":"info","message":"MongoDB Connected: ac-4pxtmmu-shard-00-00.cyjlgf2.mongodb.net","timestamp":"2025-04-16T06:25:47.810Z"}
{"level":"info","message":"Connected to MongoDB for seeding","timestamp":"2025-04-16T06:30:09.411Z"}
{"level":"info","message":"Cleared existing categories","timestamp":"2025-04-16T06:30:09.671Z"}
{"id":"67ff4e712c67b0efede75494","index":0,"level":"info","message":"Seeded parent category","name":"Agriculture and Food Industry","timestamp":"2025-04-16T06:30:09.777Z"}
{"id":"67ff4e712c67b0efede75496","level":"info","message":"Seeded subcategory","name":"Agricultural Equipment","parentId":"67ff4e712c67b0efede75494","timestamp":"2025-04-16T06:30:09.861Z"}
{"id":"67ff4e712c67b0efede75498","level":"info","message":"Seeded subcategory","name":"Food Grains","parentId":"67ff4e712c67b0efede75494","timestamp":"2025-04-16T06:30:09.905Z"}
{"id":"67ff4e712c67b0efede7549a","level":"info","message":"Seeded subcategory","name":"Dairy Products","parentId":"67ff4e712c67b0efede75494","timestamp":"2025-04-16T06:30:09.954Z"}
{"id":"67ff4e712c67b0efede7549c","level":"info","message":"Seeded subcategory","name":"Processed Foods","parentId":"67ff4e712c67b0efede75494","timestamp":"2025-04-16T06:30:10.034Z"}
{"level":"info","message":"Connected to MongoDB for seeding","timestamp":"2025-04-16T06:34:15.206Z"}
{"level":"info","message":"Cleared existing categories","timestamp":"2025-04-16T06:34:15.483Z"}
{"id":"67ff4f67e3dd4cd9d2ed1faa","index":0,"level":"info","message":"Seeded parent category","name":"Agriculture and Food Industry","timestamp":"2025-04-16T06:34:15.633Z"}
{"id":"67ff4f67e3dd4cd9d2ed1fac","level":"info","message":"Seeded subcategory","name":"Agricultural Equipment","parentId":"67ff4f67e3dd4cd9d2ed1faa","timestamp":"2025-04-16T06:34:15.717Z"}
{"id":"67ff4f67e3dd4cd9d2ed1fae","level":"info","message":"Seeded subcategory","name":"Food Grains","parentId":"67ff4f67e3dd4cd9d2ed1faa","timestamp":"2025-04-16T06:34:15.761Z"}
{"id":"67ff4f67e3dd4cd9d2ed1fb0","level":"info","message":"Seeded subcategory","name":"Dairy Products","parentId":"67ff4f67e3dd4cd9d2ed1faa","timestamp":"2025-04-16T06:34:15.807Z"}
{"id":"67ff4f67e3dd4cd9d2ed1fb2","level":"info","message":"Seeded subcategory","name":"Processed Foods","parentId":"67ff4f67e3dd4cd9d2ed1faa","timestamp":"2025-04-16T06:34:15.894Z"}
{"level":"info","message":"Categories Service running on port 3005","timestamp":"2025-04-16T06:34:43.658Z"}
{"level":"info","message":"MongoDB Connected: ac-4pxtmmu-shard-00-00.cyjlgf2.mongodb.net","timestamp":"2025-04-16T06:34:44.297Z"}
{"level":"info","message":"Connected to MongoDB for seeding","timestamp":"2025-04-16T06:34:59.523Z"}
{"level":"info","message":"Cleared existing categories","timestamp":"2025-04-16T06:34:59.835Z"}
{"id":"67ff4f93443cb92addd04316","index":0,"level":"info","message":"Seeded parent category","name":"Agriculture and Food Industry","timestamp":"2025-04-16T06:34:59.975Z"}
{"id":"67ff4f93443cb92addd04318","level":"info","message":"Seeded subcategory","name":"Agricultural Equipment","parentId":"67ff4f93443cb92addd04316","timestamp":"2025-04-16T06:35:00.067Z"}
{"id":"67ff4f94443cb92addd0431a","level":"info","message":"Seeded subcategory","name":"Food Grains","parentId":"67ff4f93443cb92addd04316","timestamp":"2025-04-16T06:35:00.111Z"}
{"id":"67ff4f94443cb92addd0431c","level":"info","message":"Seeded subcategory","name":"Dairy Products","parentId":"67ff4f93443cb92addd04316","timestamp":"2025-04-16T06:35:00.156Z"}
{"id":"67ff4f94443cb92addd0431e","level":"info","message":"Seeded subcategory","name":"Processed Foods","parentId":"67ff4f93443cb92addd04316","timestamp":"2025-04-16T06:35:00.245Z"}
{"level":"info","message":"Categories Service running on port 3005","timestamp":"2025-04-16T06:36:04.289Z"}
{"level":"info","message":"MongoDB Connected: ac-4pxtmmu-shard-00-00.cyjlgf2.mongodb.net","timestamp":"2025-04-16T06:36:04.951Z"}
{"level":"info","message":"Categories Service running on port 3005","timestamp":"2025-04-16T12:11:39.008Z"}
{"level":"info","message":"MongoDB Connected: ac-4pxtmmu-shard-00-00.cyjlgf2.mongodb.net","timestamp":"2025-04-16T12:11:40.332Z"}
{"level":"info","message":"Categories Service running on port 3005","timestamp":"2025-04-16T12:19:41.063Z"}
{"level":"info","message":"MongoDB Connected: ac-4pxtmmu-shard-00-00.cyjlgf2.mongodb.net","timestamp":"2025-04-16T12:19:41.628Z"}
{"level":"info","message":"Categories Service running on port 3005","timestamp":"2025-04-16T12:20:08.480Z"}
{"level":"info","message":"MongoDB Connected: ac-4pxtmmu-shard-00-00.cyjlgf2.mongodb.net","timestamp":"2025-04-16T12:20:09.539Z"}
{"level":"info","message":"Categories Service running on port 3005","timestamp":"2025-04-16T12:32:46.042Z"}
{"level":"info","message":"MongoDB Connected: ac-4pxtmmu-shard-00-00.cyjlgf2.mongodb.net","timestamp":"2025-04-16T12:32:46.682Z"}
{"level":"info","message":"Categories Service running on port 3005","timestamp":"2025-04-16T12:38:21.794Z"}
{"level":"info","message":"MongoDB Connected: ac-4pxtmmu-shard-00-00.cyjlgf2.mongodb.net","timestamp":"2025-04-16T12:38:22.427Z"}
{"level":"info","message":"Connected to MongoDB for seeding","timestamp":"2025-04-16T12:38:31.864Z"}
{"level":"info","message":"Cleared existing categories","timestamp":"2025-04-16T12:38:32.138Z"}
{"id":"67ffa4c803c60b12cf8ca648","index":0,"level":"info","message":"Seeded parent category","name":"Agriculture and Food Industry","timestamp":"2025-04-16T12:38:32.272Z"}
{"id":"67ffa4c803c60b12cf8ca64a","level":"info","message":"Seeded subcategory","name":"Agricultural Equipment","parentId":"67ffa4c803c60b12cf8ca648","timestamp":"2025-04-16T12:38:32.313Z"}
{"id":"67ffa4c803c60b12cf8ca64c","level":"info","message":"Seeded subcategory","name":"Food Grains","parentId":"67ffa4c803c60b12cf8ca648","timestamp":"2025-04-16T12:38:32.357Z"}
{"id":"67ffa4c803c60b12cf8ca64e","level":"info","message":"Seeded subcategory","name":"Dairy Products","parentId":"67ffa4c803c60b12cf8ca648","timestamp":"2025-04-16T12:38:32.394Z"}
{"id":"67ffa4c803c60b12cf8ca650","level":"info","message":"Seeded subcategory","name":"Processed Foods","parentId":"67ffa4c803c60b12cf8ca648","timestamp":"2025-04-16T12:38:32.434Z"}
{"level":"info","message":"Categories Service running on port 3005","timestamp":"2025-04-16T12:38:44.463Z"}
{"level":"info","message":"MongoDB Connected: ac-4pxtmmu-shard-00-02.cyjlgf2.mongodb.net","timestamp":"2025-04-16T12:38:44.937Z"}
{"level":"info","message":"Categories Service running on port 3005","timestamp":"2025-04-16T12:43:18.893Z"}
{"level":"info","message":"MongoDB Connected: ac-4pxtmmu-shard-00-00.cyjlgf2.mongodb.net","timestamp":"2025-04-16T12:43:19.613Z"}
{"level":"info","message":"Categories Service running on port 3005","timestamp":"2025-04-16T12:48:47.523Z"}
{"level":"info","message":"MongoDB Connected: ac-4pxtmmu-shard-00-00.cyjlgf2.mongodb.net","timestamp":"2025-04-16T12:48:48.220Z"}
{"level":"info","message":"Categories Service running on port 3005","timestamp":"2025-04-16T12:59:06.073Z"}
{"level":"info","message":"MongoDB Connected: ac-4pxtmmu-shard-00-00.cyjlgf2.mongodb.net","timestamp":"2025-04-16T12:59:06.711Z"}
{"level":"info","message":"Categories Service running on port 3005","timestamp":"2025-04-16T12:59:18.458Z"}
{"level":"info","message":"MongoDB Connected: ac-4pxtmmu-shard-00-02.cyjlgf2.mongodb.net","timestamp":"2025-04-16T12:59:18.980Z"}
{"level":"info","message":"Categories Service running on port 3005","timestamp":"2025-04-16T12:59:22.267Z"}
{"level":"info","message":"MongoDB Connected: ac-4pxtmmu-shard-00-00.cyjlgf2.mongodb.net","timestamp":"2025-04-16T12:59:22.766Z"}
{"level":"info","message":"Categories Service running on port 3005","timestamp":"2025-04-16T13:01:41.160Z"}
{"level":"info","message":"MongoDB Connected: ac-4pxtmmu-shard-00-00.cyjlgf2.mongodb.net","timestamp":"2025-04-16T13:01:41.768Z"}
{"level":"info","message":"Categories Service running on port 3005","timestamp":"2025-04-16T13:01:48.663Z"}
{"level":"info","message":"MongoDB Connected: ac-4pxtmmu-shard-00-00.cyjlgf2.mongodb.net","timestamp":"2025-04-16T13:01:49.186Z"}
{"level":"info","message":"Categories Service running on port 3005","timestamp":"2025-04-16T13:03:49.122Z"}
{"level":"info","message":"MongoDB Connected: ac-4pxtmmu-shard-00-00.cyjlgf2.mongodb.net","timestamp":"2025-04-16T13:03:49.847Z"}
{"level":"info","message":"Categories Service running on port 3005","timestamp":"2025-04-16T13:05:25.430Z"}
{"level":"info","message":"MongoDB Connected: ac-4pxtmmu-shard-00-00.cyjlgf2.mongodb.net","timestamp":"2025-04-16T13:05:26.019Z"}
{"level":"info","message":"Categories Service running on port 3005","timestamp":"2025-04-16T13:08:48.902Z"}
{"level":"info","message":"MongoDB Connected: ac-4pxtmmu-shard-00-00.cyjlgf2.mongodb.net","timestamp":"2025-04-16T13:08:49.448Z"}
{"level":"error","message":"Internal Server Error: request entity too large","stack":"PayloadTooLargeError: request entity too large\n    at readStream (D:\\web_dev\\PBMart-Backend\\Categories Service\\node_modules\\raw-body\\index.js:163:17)\n    at getRawBody (D:\\web_dev\\PBMart-Backend\\Categories Service\\node_modules\\raw-body\\index.js:116:12)\n    at read (D:\\web_dev\\PBMart-Backend\\Categories Service\\node_modules\\body-parser\\lib\\read.js:74:3)\n    at jsonParser (D:\\web_dev\\PBMart-Backend\\Categories Service\\node_modules\\body-parser\\lib\\types\\json.js:125:5)\n    at Layer.handleRequest (D:\\web_dev\\PBMart-Backend\\Categories Service\\node_modules\\router\\lib\\layer.js:152:17)\n    at trimPrefix (D:\\web_dev\\PBMart-Backend\\Categories Service\\node_modules\\router\\index.js:342:13)\n    at D:\\web_dev\\PBMart-Backend\\Categories Service\\node_modules\\router\\index.js:297:9\n    at processParams (D:\\web_dev\\PBMart-Backend\\Categories Service\\node_modules\\router\\index.js:582:12)\n    at next (D:\\web_dev\\PBMart-Backend\\Categories Service\\node_modules\\router\\index.js:291:5)\n    at Function.handle (D:\\web_dev\\PBMart-Backend\\Categories Service\\node_modules\\router\\index.js:186:3)","timestamp":"2025-04-16T13:22:14.981Z"}
{"level":"info","message":"Categories Service running on port 3005","timestamp":"2025-04-16T13:24:42.487Z"}
{"level":"info","message":"MongoDB Connected: ac-4pxtmmu-shard-00-00.cyjlgf2.mongodb.net","timestamp":"2025-04-16T13:24:43.092Z"}
{"level":"error","message":"Internal Server Error: request entity too large","stack":"PayloadTooLargeError: request entity too large\n    at readStream (D:\\web_dev\\PBMart-Backend\\Categories Service\\node_modules\\raw-body\\index.js:163:17)\n    at getRawBody (D:\\web_dev\\PBMart-Backend\\Categories Service\\node_modules\\raw-body\\index.js:116:12)\n    at read (D:\\web_dev\\PBMart-Backend\\Categories Service\\node_modules\\body-parser\\lib\\read.js:74:3)\n    at jsonParser (D:\\web_dev\\PBMart-Backend\\Categories Service\\node_modules\\body-parser\\lib\\types\\json.js:125:5)\n    at Layer.handleRequest (D:\\web_dev\\PBMart-Backend\\Categories Service\\node_modules\\router\\lib\\layer.js:152:17)\n    at trimPrefix (D:\\web_dev\\PBMart-Backend\\Categories Service\\node_modules\\router\\index.js:342:13)\n    at D:\\web_dev\\PBMart-Backend\\Categories Service\\node_modules\\router\\index.js:297:9\n    at processParams (D:\\web_dev\\PBMart-Backend\\Categories Service\\node_modules\\router\\index.js:582:12)\n    at next (D:\\web_dev\\PBMart-Backend\\Categories Service\\node_modules\\router\\index.js:291:5)\n    at Function.handle (D:\\web_dev\\PBMart-Backend\\Categories Service\\node_modules\\router\\index.js:186:3)","timestamp":"2025-04-16T13:24:49.261Z"}
{"level":"info","message":"Categories Service running on port 3005","timestamp":"2025-04-16T13:27:46.978Z"}
{"level":"info","message":"MongoDB Connected: ac-4pxtmmu-shard-00-00.cyjlgf2.mongodb.net","timestamp":"2025-04-16T13:27:47.554Z"}
{"level":"info","message":"Categories Service running on port 3005","timestamp":"2025-04-18T06:27:57.346Z"}
{"level":"info","message":"MongoDB Connected: ac-4pxtmmu-shard-00-00.cyjlgf2.mongodb.net","timestamp":"2025-04-18T06:27:58.022Z"}
{"level":"info","message":"Categories Service running on port 3005","timestamp":"2025-04-18T11:46:29.413Z"}
{"level":"info","message":"MongoDB Connected: ac-4pxtmmu-shard-00-02.cyjlgf2.mongodb.net","timestamp":"2025-04-18T11:46:30.414Z"}
