{"level":"info","message":"Product Service running on port 3004","timestamp":"2025-04-11T06:56:32.378Z"}
{"level":"info","message":"Connected to MongoDB Atlas","timestamp":"2025-04-11T06:56:34.175Z"}
{"level":"error","message":"RabbitMQ connection error:","timestamp":"2025-04-11T06:56:35.064Z"}
{"level":"info","message":"Product Service running on port 3004","timestamp":"2025-04-11T07:10:19.532Z"}
{"level":"error","message":"RabbitMQ connection error:","timestamp":"2025-04-11T07:10:22.239Z"}
{"level":"info","message":"Product Service running on port 3004","timestamp":"2025-04-11T07:17:13.534Z"}
{"level":"info","message":"Connected to MongoDB Atlas","timestamp":"2025-04-11T07:17:14.652Z"}
{"level":"info","message":"Product Service running on port 3004","timestamp":"2025-04-11T07:25:16.551Z"}
{"level":"info","message":"Connected to MongoDB Atlas","timestamp":"2025-04-11T07:25:17.558Z"}
{"level":"error","message":"MulterError: Unexpected field\n    at wrappedFileFilter (D:\\web_dev\\PBMart-Backend\\Product Service\\node_modules\\multer\\index.js:40:19)\n    at Multipart.<anonymous> (D:\\web_dev\\PBMart-Backend\\Product Service\\node_modules\\multer\\lib\\make-middleware.js:109:7)\n    at Multipart.emit (node:events:514:28)\n    at HeaderParser.cb (D:\\web_dev\\PBMart-Backend\\Product Service\\node_modules\\busboy\\lib\\types\\multipart.js:358:14)\n    at HeaderParser.push (D:\\web_dev\\PBMart-Backend\\Product Service\\node_modules\\busboy\\lib\\types\\multipart.js:162:20)\n    at SBMH.ssCb [as _cb] (D:\\web_dev\\PBMart-Backend\\Product Service\\node_modules\\busboy\\lib\\types\\multipart.js:394:37)\n    at feed (D:\\web_dev\\PBMart-Backend\\Product Service\\node_modules\\streamsearch\\lib\\sbmh.js:248:10)\n    at SBMH.push (D:\\web_dev\\PBMart-Backend\\Product Service\\node_modules\\streamsearch\\lib\\sbmh.js:104:16)\n    at Multipart._write (D:\\web_dev\\PBMart-Backend\\Product Service\\node_modules\\busboy\\lib\\types\\multipart.js:567:19)\n    at writeOrBuffer (node:internal/streams/writable:392:12)","timestamp":"2025-04-11T07:29:52.530Z"}
{"level":"info","message":"Product Service running on port 3004","timestamp":"2025-04-11T07:37:52.749Z"}
{"level":"info","message":"Connected to MongoDB Atlas","timestamp":"2025-04-11T07:37:53.546Z"}
{"level":"error","message":"MulterError: Unexpected field\n    at wrappedFileFilter (D:\\web_dev\\PBMart-Backend\\Product Service\\node_modules\\multer\\index.js:40:19)\n    at Multipart.<anonymous> (D:\\web_dev\\PBMart-Backend\\Product Service\\node_modules\\multer\\lib\\make-middleware.js:109:7)\n    at Multipart.emit (node:events:514:28)\n    at HeaderParser.cb (D:\\web_dev\\PBMart-Backend\\Product Service\\node_modules\\busboy\\lib\\types\\multipart.js:358:14)\n    at HeaderParser.push (D:\\web_dev\\PBMart-Backend\\Product Service\\node_modules\\busboy\\lib\\types\\multipart.js:162:20)\n    at SBMH.ssCb [as _cb] (D:\\web_dev\\PBMart-Backend\\Product Service\\node_modules\\busboy\\lib\\types\\multipart.js:394:37)\n    at feed (D:\\web_dev\\PBMart-Backend\\Product Service\\node_modules\\streamsearch\\lib\\sbmh.js:248:10)\n    at SBMH.push (D:\\web_dev\\PBMart-Backend\\Product Service\\node_modules\\streamsearch\\lib\\sbmh.js:104:16)\n    at Multipart._write (D:\\web_dev\\PBMart-Backend\\Product Service\\node_modules\\busboy\\lib\\types\\multipart.js:567:19)\n    at writeOrBuffer (node:internal/streams/writable:392:12)","timestamp":"2025-04-11T07:38:34.281Z"}
{"level":"info","message":"Product Service running on port 3004","timestamp":"2025-04-11T07:40:16.163Z"}
{"level":"info","message":"Connected to MongoDB Atlas","timestamp":"2025-04-11T07:40:16.995Z"}
{"level":"error","message":"MulterError: Unexpected field\n    at wrappedFileFilter (D:\\web_dev\\PBMart-Backend\\Product Service\\node_modules\\multer\\index.js:40:19)\n    at Multipart.<anonymous> (D:\\web_dev\\PBMart-Backend\\Product Service\\node_modules\\multer\\lib\\make-middleware.js:109:7)\n    at Multipart.emit (node:events:514:28)\n    at HeaderParser.cb (D:\\web_dev\\PBMart-Backend\\Product Service\\node_modules\\busboy\\lib\\types\\multipart.js:358:14)\n    at HeaderParser.push (D:\\web_dev\\PBMart-Backend\\Product Service\\node_modules\\busboy\\lib\\types\\multipart.js:162:20)\n    at SBMH.ssCb [as _cb] (D:\\web_dev\\PBMart-Backend\\Product Service\\node_modules\\busboy\\lib\\types\\multipart.js:394:37)\n    at feed (D:\\web_dev\\PBMart-Backend\\Product Service\\node_modules\\streamsearch\\lib\\sbmh.js:248:10)\n    at SBMH.push (D:\\web_dev\\PBMart-Backend\\Product Service\\node_modules\\streamsearch\\lib\\sbmh.js:104:16)\n    at Multipart._write (D:\\web_dev\\PBMart-Backend\\Product Service\\node_modules\\busboy\\lib\\types\\multipart.js:567:19)\n    at writeOrBuffer (node:internal/streams/writable:392:12)","timestamp":"2025-04-11T07:40:22.249Z"}
{"level":"info","message":"Product Service running on port 3004","timestamp":"2025-04-11T07:44:32.810Z"}
{"level":"info","message":"Connected to MongoDB Atlas","timestamp":"2025-04-11T07:44:33.724Z"}
{"level":"error","message":"MulterError: Unexpected field\n    at wrappedFileFilter (D:\\web_dev\\PBMart-Backend\\Product Service\\node_modules\\multer\\index.js:40:19)\n    at Multipart.<anonymous> (D:\\web_dev\\PBMart-Backend\\Product Service\\node_modules\\multer\\lib\\make-middleware.js:109:7)\n    at Multipart.emit (node:events:514:28)\n    at HeaderParser.cb (D:\\web_dev\\PBMart-Backend\\Product Service\\node_modules\\busboy\\lib\\types\\multipart.js:358:14)\n    at HeaderParser.push (D:\\web_dev\\PBMart-Backend\\Product Service\\node_modules\\busboy\\lib\\types\\multipart.js:162:20)\n    at SBMH.ssCb [as _cb] (D:\\web_dev\\PBMart-Backend\\Product Service\\node_modules\\busboy\\lib\\types\\multipart.js:394:37)\n    at feed (D:\\web_dev\\PBMart-Backend\\Product Service\\node_modules\\streamsearch\\lib\\sbmh.js:248:10)\n    at SBMH.push (D:\\web_dev\\PBMart-Backend\\Product Service\\node_modules\\streamsearch\\lib\\sbmh.js:104:16)\n    at Multipart._write (D:\\web_dev\\PBMart-Backend\\Product Service\\node_modules\\busboy\\lib\\types\\multipart.js:567:19)\n    at writeOrBuffer (node:internal/streams/writable:392:12)","timestamp":"2025-04-11T07:44:53.621Z"}
{"level":"info","message":"Product Service running on port 3004","timestamp":"2025-04-11T07:50:09.240Z"}
{"level":"info","message":"Connected to MongoDB Atlas","timestamp":"2025-04-11T07:50:09.988Z"}
{"level":"info","message":"Product Service running on port 3004","timestamp":"2025-04-11T07:50:13.689Z"}
{"level":"info","message":"Connected to MongoDB Atlas","timestamp":"2025-04-11T07:50:14.323Z"}
{"level":"info","message":"Product Service running on port 3004","timestamp":"2025-04-11T07:52:41.746Z"}
{"level":"info","message":"Connected to MongoDB Atlas","timestamp":"2025-04-11T07:52:42.481Z"}
{"level":"info","message":"Product Service running on port 3004","timestamp":"2025-04-11T07:53:19.760Z"}
{"level":"info","message":"Connected to MongoDB Atlas","timestamp":"2025-04-11T07:53:20.646Z"}
{"level":"info","message":"Product Service running on port 3004","timestamp":"2025-04-11T07:53:28.226Z"}
{"level":"info","message":"Connected to MongoDB Atlas","timestamp":"2025-04-11T07:53:28.945Z"}
{"level":"warn","message":"RabbitMQ channel not available, event not published","timestamp":"2025-04-11T07:53:37.011Z"}
{"level":"info","message":"Product Service running on port 3004","timestamp":"2025-04-11T08:01:49.905Z"}
{"level":"info","message":"Connected to MongoDB Atlas","timestamp":"2025-04-11T08:01:50.798Z"}
{"level":"info","message":"Product Service running on port 3004","timestamp":"2025-04-11T08:02:27.313Z"}
{"level":"info","message":"Connected to MongoDB Atlas","timestamp":"2025-04-11T08:02:28.063Z"}
{"level":"info","message":"Product Service running on port 3004","timestamp":"2025-04-11T08:03:04.278Z"}
{"level":"info","message":"Connected to MongoDB Atlas","timestamp":"2025-04-11T08:03:05.104Z"}
{"level":"info","message":"Product Service running on port 3004","timestamp":"2025-04-11T08:03:39.211Z"}
{"level":"info","message":"Connected to MongoDB Atlas","timestamp":"2025-04-11T08:03:39.866Z"}
{"level":"info","message":"Product Service running on port 3004","timestamp":"2025-04-11T14:06:04.193Z"}
{"level":"info","message":"Connected to MongoDB Atlas","timestamp":"2025-04-11T14:06:04.966Z"}
